<?xml version="1.0" encoding="UTF-8"?>
<testsuites name="BigraphER">
  <testsuite name="test_brs" tests="4">
    <testcase name="brs" class="test_brs.ml">
      <system-out>Output</system-out>
    </testcase>
    <testcase name="sim_brs" class="test_brs.ml">
      <system-out>Output</system-out>
    </testcase>
    <testcase name="sbrs" class="test_brs.ml">
      <system-out>Output</system-out>
    </testcase>
    <testcase name="sim_sbrs" class="test_brs.ml">
      <system-out>Output</system-out>
      <failure type="ASSERT_EQ_INT" message="Values do not match">States: 30 != 20</failure>
    </testcase>
  </testsuite>
</testsuites>
